C51 COMPILER V9.59.0.0   MAIN                                                              07/17/2019 01:15:07 PAGE 1   


C51 COMPILER V9.59.0.0, COMPILATION OF MODULE MAIN
OBJECT MODULE PLACED IN .\Objects\Main.obj
COMPILER INVOKED BY: D:\Keil_v5_C51\C51\BIN\C51.EXE Application\src\Main.c LARGE OPTIMIZE(8,SPEED) BROWSE INCDIR(.\Appli
                    -cation\inc) DEBUG OBJECTEXTEND PRINT(.\Listings\Main.lst) TABS(2) OBJECT(.\Objects\Main.obj)

line level    source

   1          /**
   2            ******************************************************************************
   3            * @file    main.c
   4            * @author  张东
   5            * @version V1.0.0
   6            * @date    2019-7-16
   7            * @brief   可视化键盘主程序
   8            ******************************************************************************
   9            */
  10          #include "reg52.h"
  11          #include "keyApp.h"
  12          
  13          void main(void)
  14          {
  15   1        setup();
  16   1        while(1)
  17   1        {
  18   2          loop();
  19   2        }
  20   1      }
  21          
  22          
  23          
  24          
  25          
  26          
  27          


MODULE INFORMATION:   STATIC OVERLAYABLE
   CODE SIZE        =      8    ----
   CONSTANT SIZE    =   ----    ----
   XDATA SIZE       =   ----    ----
   PDATA SIZE       =   ----    ----
   DATA SIZE        =   ----    ----
   IDATA SIZE       =   ----    ----
   BIT SIZE         =   ----    ----
END OF MODULE INFORMATION.


C51 COMPILATION COMPLETE.  0 WARNING(S),  0 ERROR(S)
