C51 COMPILER V9.59.0.0   TIM                                                               07/17/2019 13:14:21 PAGE 1   


C51 COMPILER V9.59.0.0, COMPILATION OF MODULE TIM
OBJECT MODULE PLACED IN .\Objects\tim.obj
COMPILER INVOKED BY: D:\Keil_v5_C51\C51\BIN\C51.EXE Application\src\tim.c LARGE OPTIMIZE(8,SPEED) BROWSE INCDIR(.\Applic
                    -ation\inc) DEBUG OBJECTEXTEND PRINT(.\Listings\tim.lst) TABS(2) OBJECT(.\Objects\tim.obj)

line level    source

   1          /**
   2            ******************************************************************************
   3            * @file    tim.c
   4            * @author  张东
   5            * @version V1.0.0
   6            * @date    2019-7-17
   7            * @brief   定时器相关程序
   8            ******************************************************************************
   9            */
  10          #include "tim.h"
  11          #include "reg52.h"
  12          
  13          TimDataTypedef g_Tim;
  14          
  15          
  16          /**********************************************************************/
  17          /*               定时器初始化
  18          /**********************************************************************/
  19          void TIM_Init(void)
  20          {
  21   1        TMOD=0x01;  
  22   1        TR0=0;  
  23   1        ET0=1;        
  24   1        TH0=(65535-9216)/256; 
  25   1        TL0=(65535-9216)%256;
  26   1        TR0=1;  
  27   1      }
  28          /**********************************************************************/
  29          /*               获得时间数据
  30          /**********************************************************************/
  31          TimDataTypedef getTimeData(void)
  32          {
  33   1        return g_Tim;
  34   1      }
  35          /**********************************************************************/
  36          /*               定时器中断
  37          /**********************************************************************/
  38          void TIM0_Timer() interrupt 1
  39          {
  40   1        TH0=(65535-9216)/256;   
  41   1        TL0=(65535-9216)%256;
  42   1        
  43   1        g_Tim.tick++;
  44   1        g_Tim.ms10++;
  45   1        if(g_Tim.ms10==100)
  46   1        {
  47   2          g_Tim.ms10=0;
  48   2          g_Tim.s++;
  49   2          if(g_Tim.s==60)
  50   2          {
  51   3            g_Tim.s=0;
  52   3            g_Tim.m++;
  53   3            if(g_Tim.m==60)
  54   3            {
C51 COMPILER V9.59.0.0   TIM                                                               07/17/2019 13:14:21 PAGE 2   

  55   4              g_Tim.m=0;
  56   4              g_Tim.h++;
  57   4              if(g_Tim.h==24)
  58   4              {
  59   5                g_Tim.h=0;
  60   5              }
  61   4            }
  62   3          }
  63   2        }
  64   1      }


MODULE INFORMATION:   STATIC OVERLAYABLE
   CODE SIZE        =    160    ----
   CONSTANT SIZE    =   ----    ----
   XDATA SIZE       =      8    ----
   PDATA SIZE       =   ----    ----
   DATA SIZE        =   ----    ----
   IDATA SIZE       =   ----    ----
   BIT SIZE         =   ----    ----
END OF MODULE INFORMATION.


C51 COMPILATION COMPLETE.  0 WARNING(S),  0 ERROR(S)
